<?xml version="1.0" encoding="UTF-8"?>
<!-- Generated by org.testng.reporters.JUnitReportReporter -->
<testsuite hostname="Likheshs-MacBook-Pro.local" name="Tests.LoginXero" tests="1" failures="0" timestamp="27 Jan 2019 09:33:34 GMT" time="30.048" errors="0">
  <testcase name="loginXero_ValidInputs" time="30.048" classname="Tests.LoginXero"/>
</testsuite> <!-- Tests.LoginXero -->
