<?xml version="1.0" encoding="UTF-8"?>
<!-- Generated by org.testng.reporters.JUnitReportReporter -->
<testsuite hostname="Likheshs-MacBook-Pro.local" name="Tests.AddBankAccount" tests="1" failures="0" timestamp="27 Jan 2019 12:21:16 GMT" time="31.883" errors="0">
  <testcase name="addBankAccount_ValidInputs" time="31.883" classname="Tests.AddBankAccount"/>
</testsuite> <!-- Tests.AddBankAccount -->
